-------------------------------------------------------------------------------
Test set: testOnlineBanking.Tests
-------------------------------------------------------------------------------
Tests run: 1, Failures: 1, Errors: 0, Skipped: 0, Time elapsed: 35.839 sec <<< FAILURE! - in testOnlineBanking.Tests
loginIntoInternetBanking on loginIntoInternetBanking(testOnlineBanking.Tests)(testOnlineBanking.Tests)  Time elapsed: 34.237 sec  <<< FAILURE!
java.lang.NullPointerException
	at testOnlineBanking.Tests.loginIntoInternetBanking(Tests.java:39)

