<?xml version="1.0" encoding="UTF-8"?>
<testng-results skipped="0" failed="0" ignored="0" total="1" passed="1">
  <reporter-output>
  </reporter-output>
  <suite name="Surefire suite" duration-ms="280463" started-at="2019-03-10T19:15:57Z" finished-at="2019-03-10T19:20:37Z">
    <groups>
      <group name="cucumber">
        <method signature="AbstractTestNGCucumberTests.feature(cucumber.api.testng.CucumberFeatureWrapper)[pri:0, instance:runner.TestNGRunner@109b8da]" name="feature" class="cucumber.api.testng.AbstractTestNGCucumberTests"/>
      </group> <!-- cucumber -->
    </groups>
    <test name="Surefire test" duration-ms="280463" started-at="2019-03-10T19:15:57Z" finished-at="2019-03-10T19:20:37Z">
      <class name="runner.TestNGRunner">
        <test-method status="PASS" signature="setUpClass()[pri:0, instance:runner.TestNGRunner@109b8da]" name="setUpClass" is-config="true" duration-ms="320" started-at="2019-03-10T21:15:57Z" finished-at="2019-03-10T21:15:57Z">
          <reporter-output>
          </reporter-output>
        </test-method> <!-- setUpClass -->
        <test-method status="PASS" signature="feature(cucumber.api.testng.CucumberFeatureWrapper)[pri:0, instance:runner.TestNGRunner@109b8da]" name="feature" duration-ms="279992" started-at="2019-03-10T21:15:57Z" description="Runs Cucumber Feature" data-provider="features" finished-at="2019-03-10T21:20:37Z">
          <params>
            <param index="0">
              <value>
                <![CDATA[iLaB Job]]>
              </value>
            </param>
          </params>
          <reporter-output>
          </reporter-output>
        </test-method> <!-- feature -->
        <test-method status="PASS" signature="tearDownClass()[pri:0, instance:runner.TestNGRunner@109b8da]" name="tearDownClass" is-config="true" duration-ms="20" started-at="2019-03-10T21:20:37Z" finished-at="2019-03-10T21:20:37Z">
          <reporter-output>
          </reporter-output>
        </test-method> <!-- tearDownClass -->
      </class> <!-- runner.TestNGRunner -->
    </test> <!-- Surefire test -->
  </suite> <!-- Surefire suite -->
</testng-results>
